2025-06-17 02:04:19.780 | INFO     | __main__:main:73 - Starting collection from wikipedia
2025-06-17 02:04:19.780 | INFO     | __main__:main:74 - Output directory: data/raw
2025-06-17 02:04:19.780 | INFO     | __main__:main:75 - Batch size: 1000, Limit: 100
2025-06-17 02:04:19.780 | INFO     | __main__:main:76 - Minimum quality score: 0.2
2025-06-17 02:04:19.780 | INFO     | __main__:main:77 - Debug mode: False
2025-06-17 02:04:19.781 | INFO     | storage.parquet_manager:__init__:44 - Initialized ParquetManager at data/raw
2025-06-17 02:04:20.101 | INFO     | processors.quality_scorer:__init__:43 - spaCy model loaded successfully
2025-06-17 02:04:20.105 | INFO     | collectors.base_collector:__aenter__:69 - Started WikipediaCollector
2025-06-17 02:04:20.122 | INFO     | collectors.base_collector:load_checkpoint:195 - Loaded checkpoint from 2025-06-16T21:42:33.787682
2025-06-17 02:04:20.123 | INFO     | collectors.wikipedia_collector:extract:74 - Resuming from checkpoint with 2506 processed pages
2025-06-17 02:04:20.123 | INFO     | collectors.wikipedia_collector:extract:78 - Processing category: Category:Video_games_by_year
2025-06-17 02:04:20.463 | INFO     | collectors.wikipedia_collector:extract:83 - Found 0 total pages in Category:Video_games_by_year
2025-06-17 02:04:20.463 | INFO     | collectors.wikipedia_collector:extract:87 - Processing 0 new pages from Category:Video_games_by_year
2025-06-17 02:04:20.463 | INFO     | collectors.wikipedia_collector:extract:78 - Processing category: Category:Windows_games
2025-06-17 02:04:34.029 | INFO     | collectors.wikipedia_collector:extract:83 - Found 9476 total pages in Category:Windows_games
2025-06-17 02:04:34.033 | INFO     | collectors.wikipedia_collector:extract:87 - Processing 9476 new pages from Category:Windows_games
2025-06-17 02:04:34.319 | DEBUG    | collectors.wikipedia_collector:extract_item:212 - Skipping The Addams Family: Mansion Mayhem - content too short
2025-06-17 02:04:34.348 | DEBUG    | collectors.wikipedia_collector:extract_item:212 - Skipping Anno 1602: New Islands, New Adventures - content too short
2025-06-17 02:04:34.352 | DEBUG    | collectors.wikipedia_collector:extract_item:212 - Skipping Babe: A Little Pig Goes a Long Way - content too short
2025-06-17 02:04:34.352 | DEBUG    | collectors.wikipedia_collector:extract_item:212 - Skipping Anno 1602: By Royal Command - content too short
2025-06-17 02:04:34.358 | DEBUG    | collectors.wikipedia_collector:extract_item:212 - Skipping Alex Kidd in Miracle World DX - content too short
2025-06-17 02:04:34.370 | DEBUG    | collectors.wikipedia_collector:extract_item:212 - Skipping Anteworld - content too short
2025-06-17 02:04:34.371 | DEBUG    | collectors.wikipedia_collector:extract_item:212 - Skipping Anno 1701: The Sunken Dragon - content too short
2025-06-17 02:04:34.373 | DEBUG    | collectors.wikipedia_collector:extract_item:212 - Skipping Anno 1503: Treasures, Monsters and Pirates - content too short
2025-06-17 02:04:34.375 | DEBUG    | collectors.wikipedia_collector:extract_item:212 - Skipping Anno 1404: Venice - content too short
2025-06-17 02:04:34.381 | DEBUG    | collectors.wikipedia_collector:extract_item:212 - Skipping After Dark Games - content too short
2025-06-17 02:04:34.643 | DEBUG    | collectors.wikipedia_collector:extract_item:212 - Skipping Cabela's GrandSlam Hunting: North American 29 - content too short
2025-06-17 02:04:34.643 | DEBUG    | collectors.wikipedia_collector:extract_item:212 - Skipping Barbie as the Princess and the Pauper (video game) - content too short
2025-06-17 02:04:34.647 | DEBUG    | collectors.wikipedia_collector:extract_item:212 - Skipping Baten Kaitos I & II HD Remaster - content too short
2025-06-17 02:04:34.649 | DEBUG    | collectors.wikipedia_collector:extract_item:212 - Skipping Bloons Monkey City - content too short
2025-06-17 02:04:34.653 | DEBUG    | collectors.wikipedia_collector:extract_item:212 - Skipping Blood: Fresh Supply - content too short
2025-06-17 02:04:34.655 | DEBUG    | collectors.wikipedia_collector:extract_item:212 - Skipping Castlevania Anniversary Collection - content too short
2025-06-17 02:04:34.658 | DEBUG    | collectors.wikipedia_collector:extract_item:212 - Skipping Blade Runner: Enhanced Edition - content too short
2025-06-17 02:04:34.674 | DEBUG    | collectors.wikipedia_collector:extract_item:212 - Skipping Blue Sphere - content too short
2025-06-17 02:04:34.680 | DEBUG    | collectors.wikipedia_collector:extract_item:212 - Skipping Big Money! - content too short
2025-06-17 02:04:34.797 | DEBUG    | collectors.wikipedia_collector:extract_item:212 - Skipping Castlevania Advance Collection - content too short
2025-06-17 02:04:35.057 | DEBUG    | collectors.wikipedia_collector:extract_item:212 - Skipping Clock Tower Rewind - content too short
2025-06-17 02:04:35.058 | DEBUG    | collectors.wikipedia_collector:extract_item:212 - Skipping Code of Princess EX - content too short
2025-06-17 02:04:35.063 | DEBUG    | collectors.wikipedia_collector:extract_item:212 - Skipping Collection of SaGa: Final Fantasy Legend - content too short
2025-06-17 02:04:35.079 | DEBUG    | collectors.wikipedia_collector:extract_item:212 - Skipping Creatures of Aether - content too short
2025-06-17 02:04:35.080 | DEBUG    | collectors.wikipedia_collector:extract_item:212 - Skipping Dark Horizons Lore: Invasion - content too short
2025-06-17 02:04:35.080 | DEBUG    | collectors.wikipedia_collector:extract_item:212 - Skipping Clock Tower: Rewind - content too short
2025-06-17 02:04:36.173 | ERROR    | __main__:collect_data:170 - Error processing document: 'NoneType' object does not support item assignment
2025-06-17 02:04:36.174 | ERROR    | __main__:collect_data:170 - Error processing document: 'NoneType' object does not support item assignment
2025-06-17 02:04:36.174 | ERROR    | __main__:collect_data:170 - Error processing document: 'NoneType' object does not support item assignment
2025-06-17 02:04:36.174 | ERROR    | __main__:collect_data:170 - Error processing document: 'NoneType' object does not support item assignment
2025-06-17 02:04:36.175 | ERROR    | __main__:collect_data:170 - Error processing document: 'NoneType' object does not support item assignment
2025-06-17 02:04:36.175 | ERROR    | __main__:collect_data:170 - Error processing document: 'NoneType' object does not support item assignment
2025-06-17 02:04:36.175 | ERROR    | __main__:collect_data:170 - Error processing document: 'NoneType' object does not support item assignment
2025-06-17 02:04:36.175 | ERROR    | __main__:collect_data:170 - Error processing document: 'NoneType' object does not support item assignment
2025-06-17 02:04:36.178 | ERROR    | __main__:collect_data:170 - Error processing document: 'NoneType' object does not support item assignment
2025-06-17 02:04:36.178 | ERROR    | __main__:collect_data:170 - Error processing document: 'NoneType' object does not support item assignment
2025-06-17 02:04:36.179 | ERROR    | __main__:collect_data:170 - Error processing document: 'NoneType' object does not support item assignment
2025-06-17 02:04:36.180 | ERROR    | __main__:collect_data:170 - Error processing document: 'NoneType' object does not support item assignment
2025-06-17 02:04:36.180 | ERROR    | __main__:collect_data:170 - Error processing document: 'NoneType' object does not support item assignment
2025-06-17 02:04:36.182 | ERROR    | __main__:collect_data:170 - Error processing document: 'NoneType' object does not support item assignment
2025-06-17 02:04:36.182 | ERROR    | __main__:collect_data:170 - Error processing document: 'NoneType' object does not support item assignment
2025-06-17 02:04:36.184 | ERROR    | __main__:collect_data:170 - Error processing document: 'NoneType' object does not support item assignment
2025-06-17 02:04:36.185 | ERROR    | __main__:collect_data:170 - Error processing document: 'NoneType' object does not support item assignment
2025-06-17 02:04:36.185 | ERROR    | __main__:collect_data:170 - Error processing document: 'NoneType' object does not support item assignment
2025-06-17 02:04:36.186 | ERROR    | __main__:collect_data:170 - Error processing document: 'NoneType' object does not support item assignment
2025-06-17 02:04:36.186 | ERROR    | __main__:collect_data:170 - Error processing document: 'NoneType' object does not support item assignment
2025-06-17 02:04:36.189 | ERROR    | __main__:collect_data:170 - Error processing document: 'NoneType' object does not support item assignment
2025-06-17 02:04:36.191 | ERROR    | __main__:collect_data:170 - Error processing document: 'NoneType' object does not support item assignment
2025-06-17 02:04:36.191 | ERROR    | __main__:collect_data:170 - Error processing document: 'NoneType' object does not support item assignment
2025-06-17 02:04:36.192 | ERROR    | __main__:collect_data:170 - Error processing document: 'NoneType' object does not support item assignment
2025-06-17 02:04:36.196 | INFO     | collectors.base_collector:save_checkpoint:186 - Saved checkpoint to checkpoints/wikipedia_collector.json
2025-06-17 02:04:36.944 | DEBUG    | collectors.wikipedia_collector:extract_item:212 - Skipping Dead or Alive 5 Last Round: Core Fighters - content too short
2025-06-17 02:04:36.955 | DEBUG    | collectors.wikipedia_collector:extract_item:212 - Skipping Dead or Alive 6: Core Fighters - content too short
2025-06-17 02:04:38.625 | ERROR    | __main__:collect_data:170 - Error processing document: 'NoneType' object does not support item assignment
2025-06-17 02:04:38.625 | ERROR    | __main__:collect_data:170 - Error processing document: 'NoneType' object does not support item assignment
2025-06-17 02:04:38.625 | ERROR    | __main__:collect_data:170 - Error processing document: 'NoneType' object does not support item assignment
2025-06-17 02:04:38.627 | ERROR    | __main__:collect_data:170 - Error processing document: 'NoneType' object does not support item assignment
2025-06-17 02:04:38.628 | ERROR    | __main__:collect_data:170 - Error processing document: 'NoneType' object does not support item assignment
2025-06-17 02:04:38.629 | ERROR    | __main__:collect_data:170 - Error processing document: 'NoneType' object does not support item assignment
2025-06-17 02:04:38.629 | ERROR    | __main__:collect_data:170 - Error processing document: 'NoneType' object does not support item assignment
2025-06-17 02:04:38.629 | ERROR    | __main__:collect_data:170 - Error processing document: 'NoneType' object does not support item assignment
2025-06-17 02:04:38.629 | ERROR    | __main__:collect_data:170 - Error processing document: 'NoneType' object does not support item assignment
2025-06-17 02:04:38.630 | ERROR    | __main__:collect_data:170 - Error processing document: 'NoneType' object does not support item assignment
2025-06-17 02:04:38.631 | ERROR    | __main__:collect_data:170 - Error processing document: 'NoneType' object does not support item assignment
2025-06-17 02:04:38.632 | ERROR    | __main__:collect_data:170 - Error processing document: 'NoneType' object does not support item assignment
2025-06-17 02:04:38.633 | DEBUG    | __main__:collect_data:167 - Rejected: Dead or Alive Online (score: 0.108, reason: very_low_quality)
2025-06-17 02:04:38.635 | ERROR    | __main__:collect_data:170 - Error processing document: 'NoneType' object does not support item assignment
2025-06-17 02:04:38.635 | ERROR    | __main__:collect_data:170 - Error processing document: 'NoneType' object does not support item assignment
2025-06-17 02:04:38.635 | ERROR    | __main__:collect_data:170 - Error processing document: 'NoneType' object does not support item assignment
2025-06-17 02:04:38.635 | ERROR    | __main__:collect_data:170 - Error processing document: 'NoneType' object does not support item assignment
2025-06-17 02:04:38.635 | ERROR    | __main__:collect_data:170 - Error processing document: 'NoneType' object does not support item assignment
2025-06-17 02:04:38.637 | ERROR    | __main__:collect_data:170 - Error processing document: 'NoneType' object does not support item assignment
2025-06-17 02:04:38.639 | ERROR    | __main__:collect_data:170 - Error processing document: 'NoneType' object does not support item assignment
2025-06-17 02:04:38.639 | ERROR    | __main__:collect_data:170 - Error processing document: 'NoneType' object does not support item assignment
2025-06-17 02:04:38.641 | ERROR    | __main__:collect_data:170 - Error processing document: 'NoneType' object does not support item assignment
2025-06-17 02:04:38.642 | ERROR    | __main__:collect_data:170 - Error processing document: 'NoneType' object does not support item assignment
2025-06-17 02:04:38.642 | ERROR    | __main__:collect_data:170 - Error processing document: 'NoneType' object does not support item assignment
2025-06-17 02:04:38.645 | ERROR    | __main__:collect_data:170 - Error processing document: 'NoneType' object does not support item assignment
2025-06-17 02:04:38.646 | ERROR    | __main__:collect_data:170 - Error processing document: 'NoneType' object does not support item assignment
2025-06-17 02:04:38.649 | ERROR    | __main__:collect_data:170 - Error processing document: 'NoneType' object does not support item assignment
2025-06-17 02:04:38.652 | ERROR    | __main__:collect_data:170 - Error processing document: 'NoneType' object does not support item assignment
2025-06-17 02:04:38.652 | ERROR    | __main__:collect_data:170 - Error processing document: 'NoneType' object does not support item assignment
2025-06-17 02:04:38.652 | ERROR    | __main__:collect_data:170 - Error processing document: 'NoneType' object does not support item assignment
2025-06-17 02:04:38.653 | ERROR    | __main__:collect_data:170 - Error processing document: 'NoneType' object does not support item assignment
2025-06-17 02:04:38.654 | ERROR    | __main__:collect_data:170 - Error processing document: 'NoneType' object does not support item assignment
2025-06-17 02:04:38.654 | ERROR    | __main__:collect_data:170 - Error processing document: 'NoneType' object does not support item assignment
2025-06-17 02:04:38.654 | ERROR    | __main__:collect_data:170 - Error processing document: 'NoneType' object does not support item assignment
2025-06-17 02:04:38.655 | ERROR    | __main__:collect_data:170 - Error processing document: 'NoneType' object does not support item assignment
2025-06-17 02:04:38.655 | ERROR    | __main__:collect_data:170 - Error processing document: 'NoneType' object does not support item assignment
2025-06-17 02:04:38.655 | ERROR    | __main__:collect_data:170 - Error processing document: 'NoneType' object does not support item assignment
2025-06-17 02:04:38.656 | ERROR    | __main__:collect_data:170 - Error processing document: 'NoneType' object does not support item assignment
2025-06-17 02:04:38.657 | ERROR    | __main__:collect_data:170 - Error processing document: 'NoneType' object does not support item assignment
2025-06-17 02:04:38.657 | ERROR    | __main__:collect_data:170 - Error processing document: 'NoneType' object does not support item assignment
2025-06-17 02:04:38.657 | ERROR    | __main__:collect_data:170 - Error processing document: 'NoneType' object does not support item assignment
2025-06-17 02:04:38.658 | ERROR    | __main__:collect_data:170 - Error processing document: 'NoneType' object does not support item assignment
2025-06-17 02:04:38.658 | ERROR    | __main__:collect_data:170 - Error processing document: 'NoneType' object does not support item assignment
2025-06-17 02:04:38.660 | ERROR    | __main__:collect_data:170 - Error processing document: 'NoneType' object does not support item assignment
2025-06-17 02:04:38.660 | ERROR    | __main__:collect_data:170 - Error processing document: 'NoneType' object does not support item assignment
2025-06-17 02:04:38.661 | ERROR    | __main__:collect_data:170 - Error processing document: 'NoneType' object does not support item assignment
2025-06-17 02:04:38.661 | ERROR    | __main__:collect_data:170 - Error processing document: 'NoneType' object does not support item assignment
2025-06-17 02:04:38.661 | ERROR    | __main__:collect_data:170 - Error processing document: 'NoneType' object does not support item assignment
2025-06-17 02:04:38.664 | INFO     | collectors.base_collector:save_checkpoint:186 - Saved checkpoint to checkpoints/wikipedia_collector.json
2025-06-17 02:04:41.519 | ERROR    | __main__:collect_data:170 - Error processing document: 'NoneType' object does not support item assignment
2025-06-17 02:04:41.519 | ERROR    | __main__:collect_data:170 - Error processing document: 'NoneType' object does not support item assignment
2025-06-17 02:04:41.520 | ERROR    | __main__:collect_data:170 - Error processing document: 'NoneType' object does not support item assignment
2025-06-17 02:04:41.520 | ERROR    | __main__:collect_data:170 - Error processing document: 'NoneType' object does not support item assignment
2025-06-17 02:04:41.521 | ERROR    | __main__:collect_data:170 - Error processing document: 'NoneType' object does not support item assignment
2025-06-17 02:04:41.521 | ERROR    | __main__:collect_data:170 - Error processing document: 'NoneType' object does not support item assignment
2025-06-17 02:04:41.522 | ERROR    | __main__:collect_data:170 - Error processing document: 'NoneType' object does not support item assignment
2025-06-17 02:04:41.522 | ERROR    | __main__:collect_data:170 - Error processing document: 'NoneType' object does not support item assignment
2025-06-17 02:04:41.523 | ERROR    | __main__:collect_data:170 - Error processing document: 'NoneType' object does not support item assignment
2025-06-17 02:04:41.523 | ERROR    | __main__:collect_data:170 - Error processing document: 'NoneType' object does not support item assignment
2025-06-17 02:04:41.523 | ERROR    | __main__:collect_data:170 - Error processing document: 'NoneType' object does not support item assignment
2025-06-17 02:04:41.524 | ERROR    | __main__:collect_data:170 - Error processing document: 'NoneType' object does not support item assignment
2025-06-17 02:04:41.524 | ERROR    | __main__:collect_data:170 - Error processing document: 'NoneType' object does not support item assignment
2025-06-17 02:04:41.525 | ERROR    | __main__:collect_data:170 - Error processing document: 'NoneType' object does not support item assignment
2025-06-17 02:04:41.527 | ERROR    | __main__:collect_data:170 - Error processing document: 'NoneType' object does not support item assignment
2025-06-17 02:04:41.528 | ERROR    | __main__:collect_data:170 - Error processing document: 'NoneType' object does not support item assignment
2025-06-17 02:04:41.529 | ERROR    | __main__:collect_data:170 - Error processing document: 'NoneType' object does not support item assignment
2025-06-17 02:04:41.529 | ERROR    | __main__:collect_data:170 - Error processing document: 'NoneType' object does not support item assignment
2025-06-17 02:04:41.529 | ERROR    | __main__:collect_data:170 - Error processing document: 'NoneType' object does not support item assignment
2025-06-17 02:04:41.530 | ERROR    | __main__:collect_data:170 - Error processing document: 'NoneType' object does not support item assignment
2025-06-17 02:04:41.530 | ERROR    | __main__:collect_data:170 - Error processing document: 'NoneType' object does not support item assignment
2025-06-17 02:04:41.530 | ERROR    | __main__:collect_data:170 - Error processing document: 'NoneType' object does not support item assignment
2025-06-17 02:04:41.530 | ERROR    | __main__:collect_data:170 - Error processing document: 'NoneType' object does not support item assignment
2025-06-17 02:04:41.531 | ERROR    | __main__:collect_data:170 - Error processing document: 'NoneType' object does not support item assignment
2025-06-17 02:04:41.531 | ERROR    | __main__:collect_data:170 - Error processing document: 'NoneType' object does not support item assignment
2025-06-17 02:04:41.534 | ERROR    | __main__:collect_data:170 - Error processing document: 'NoneType' object does not support item assignment
2025-06-17 02:04:41.534 | ERROR    | __main__:collect_data:170 - Error processing document: 'NoneType' object does not support item assignment
2025-06-17 02:04:41.535 | ERROR    | __main__:collect_data:170 - Error processing document: 'NoneType' object does not support item assignment
2025-06-17 02:04:41.536 | ERROR    | __main__:collect_data:170 - Error processing document: 'NoneType' object does not support item assignment
2025-06-17 02:04:41.536 | ERROR    | __main__:collect_data:170 - Error processing document: 'NoneType' object does not support item assignment
2025-06-17 02:04:41.536 | ERROR    | __main__:collect_data:170 - Error processing document: 'NoneType' object does not support item assignment
2025-06-17 02:04:41.537 | ERROR    | __main__:collect_data:170 - Error processing document: 'NoneType' object does not support item assignment
2025-06-17 02:04:41.537 | ERROR    | __main__:collect_data:170 - Error processing document: 'NoneType' object does not support item assignment
2025-06-17 02:04:41.537 | ERROR    | __main__:collect_data:170 - Error processing document: 'NoneType' object does not support item assignment
2025-06-17 02:04:41.537 | ERROR    | __main__:collect_data:170 - Error processing document: 'NoneType' object does not support item assignment
2025-06-17 02:04:41.538 | ERROR    | __main__:collect_data:170 - Error processing document: 'NoneType' object does not support item assignment
2025-06-17 02:04:41.538 | ERROR    | __main__:collect_data:170 - Error processing document: 'NoneType' object does not support item assignment
2025-06-17 02:04:41.538 | ERROR    | __main__:collect_data:170 - Error processing document: 'NoneType' object does not support item assignment
2025-06-17 02:04:41.539 | ERROR    | __main__:collect_data:170 - Error processing document: 'NoneType' object does not support item assignment
2025-06-17 02:04:41.539 | ERROR    | __main__:collect_data:170 - Error processing document: 'NoneType' object does not support item assignment
2025-06-17 02:04:41.540 | ERROR    | __main__:collect_data:170 - Error processing document: 'NoneType' object does not support item assignment
2025-06-17 02:04:41.540 | ERROR    | __main__:collect_data:170 - Error processing document: 'NoneType' object does not support item assignment
2025-06-17 02:04:41.541 | ERROR    | __main__:collect_data:170 - Error processing document: 'NoneType' object does not support item assignment
2025-06-17 02:04:41.542 | ERROR    | __main__:collect_data:170 - Error processing document: 'NoneType' object does not support item assignment
2025-06-17 02:04:41.543 | ERROR    | __main__:collect_data:170 - Error processing document: 'NoneType' object does not support item assignment
2025-06-17 02:04:41.543 | ERROR    | __main__:collect_data:170 - Error processing document: 'NoneType' object does not support item assignment
2025-06-17 02:04:41.543 | ERROR    | __main__:collect_data:170 - Error processing document: 'NoneType' object does not support item assignment
2025-06-17 02:04:41.543 | ERROR    | __main__:collect_data:170 - Error processing document: 'NoneType' object does not support item assignment
2025-06-17 02:04:41.544 | ERROR    | __main__:collect_data:170 - Error processing document: 'NoneType' object does not support item assignment
2025-06-17 02:04:41.545 | ERROR    | __main__:collect_data:170 - Error processing document: 'NoneType' object does not support item assignment
2025-06-17 02:04:41.547 | INFO     | collectors.base_collector:save_checkpoint:186 - Saved checkpoint to checkpoints/wikipedia_collector.json
2025-06-17 02:04:44.286 | ERROR    | __main__:collect_data:170 - Error processing document: 'NoneType' object does not support item assignment
2025-06-17 02:04:44.288 | ERROR    | __main__:collect_data:170 - Error processing document: 'NoneType' object does not support item assignment
2025-06-17 02:04:44.289 | ERROR    | __main__:collect_data:170 - Error processing document: 'NoneType' object does not support item assignment
2025-06-17 02:04:44.290 | ERROR    | __main__:collect_data:170 - Error processing document: 'NoneType' object does not support item assignment
2025-06-17 02:04:44.290 | ERROR    | __main__:collect_data:170 - Error processing document: 'NoneType' object does not support item assignment
2025-06-17 02:04:44.291 | ERROR    | __main__:collect_data:170 - Error processing document: 'NoneType' object does not support item assignment
2025-06-17 02:04:44.292 | ERROR    | __main__:collect_data:170 - Error processing document: 'NoneType' object does not support item assignment
2025-06-17 02:04:44.293 | ERROR    | __main__:collect_data:170 - Error processing document: 'NoneType' object does not support item assignment
2025-06-17 02:04:44.294 | ERROR    | __main__:collect_data:170 - Error processing document: 'NoneType' object does not support item assignment
2025-06-17 02:04:44.294 | ERROR    | __main__:collect_data:170 - Error processing document: 'NoneType' object does not support item assignment
2025-06-17 02:04:44.295 | ERROR    | __main__:collect_data:170 - Error processing document: 'NoneType' object does not support item assignment
2025-06-17 02:04:44.296 | ERROR    | __main__:collect_data:170 - Error processing document: 'NoneType' object does not support item assignment
2025-06-17 02:04:44.296 | ERROR    | __main__:collect_data:170 - Error processing document: 'NoneType' object does not support item assignment
2025-06-17 02:04:44.296 | ERROR    | __main__:collect_data:170 - Error processing document: 'NoneType' object does not support item assignment
2025-06-17 02:04:44.297 | ERROR    | __main__:collect_data:170 - Error processing document: 'NoneType' object does not support item assignment
2025-06-17 02:04:44.297 | ERROR    | __main__:collect_data:170 - Error processing document: 'NoneType' object does not support item assignment
2025-06-17 02:04:44.298 | ERROR    | __main__:collect_data:170 - Error processing document: 'NoneType' object does not support item assignment
2025-06-17 02:04:44.298 | ERROR    | __main__:collect_data:170 - Error processing document: 'NoneType' object does not support item assignment
2025-06-17 02:04:44.299 | ERROR    | __main__:collect_data:170 - Error processing document: 'NoneType' object does not support item assignment
2025-06-17 02:04:44.299 | ERROR    | __main__:collect_data:170 - Error processing document: 'NoneType' object does not support item assignment
2025-06-17 02:04:44.299 | ERROR    | __main__:collect_data:170 - Error processing document: 'NoneType' object does not support item assignment
2025-06-17 02:04:44.300 | ERROR    | __main__:collect_data:170 - Error processing document: 'NoneType' object does not support item assignment
2025-06-17 02:04:44.301 | ERROR    | __main__:collect_data:170 - Error processing document: 'NoneType' object does not support item assignment
2025-06-17 02:04:44.301 | ERROR    | __main__:collect_data:170 - Error processing document: 'NoneType' object does not support item assignment
2025-06-17 02:04:44.301 | ERROR    | __main__:collect_data:170 - Error processing document: 'NoneType' object does not support item assignment
2025-06-17 02:04:44.302 | ERROR    | __main__:collect_data:170 - Error processing document: 'NoneType' object does not support item assignment
2025-06-17 02:04:44.302 | ERROR    | __main__:collect_data:170 - Error processing document: 'NoneType' object does not support item assignment
2025-06-17 02:04:44.302 | ERROR    | __main__:collect_data:170 - Error processing document: 'NoneType' object does not support item assignment
2025-06-17 02:04:44.302 | ERROR    | __main__:collect_data:170 - Error processing document: 'NoneType' object does not support item assignment
2025-06-17 02:04:44.304 | ERROR    | __main__:collect_data:170 - Error processing document: 'NoneType' object does not support item assignment
2025-06-17 02:04:44.304 | ERROR    | __main__:collect_data:170 - Error processing document: 'NoneType' object does not support item assignment
2025-06-17 02:04:44.305 | ERROR    | __main__:collect_data:170 - Error processing document: 'NoneType' object does not support item assignment
2025-06-17 02:04:44.305 | ERROR    | __main__:collect_data:170 - Error processing document: 'NoneType' object does not support item assignment
2025-06-17 02:04:44.305 | ERROR    | __main__:collect_data:170 - Error processing document: 'NoneType' object does not support item assignment
2025-06-17 02:04:44.305 | ERROR    | __main__:collect_data:170 - Error processing document: 'NoneType' object does not support item assignment
2025-06-17 02:04:44.306 | ERROR    | __main__:collect_data:170 - Error processing document: 'NoneType' object does not support item assignment
2025-06-17 02:04:44.306 | ERROR    | __main__:collect_data:170 - Error processing document: 'NoneType' object does not support item assignment
2025-06-17 02:04:44.307 | ERROR    | __main__:collect_data:170 - Error processing document: 'NoneType' object does not support item assignment
2025-06-17 02:04:44.308 | ERROR    | __main__:collect_data:170 - Error processing document: 'NoneType' object does not support item assignment
2025-06-17 02:04:44.308 | ERROR    | __main__:collect_data:170 - Error processing document: 'NoneType' object does not support item assignment
2025-06-17 02:04:44.309 | ERROR    | __main__:collect_data:170 - Error processing document: 'NoneType' object does not support item assignment
2025-06-17 02:04:44.309 | ERROR    | __main__:collect_data:170 - Error processing document: 'NoneType' object does not support item assignment
2025-06-17 02:04:44.310 | ERROR    | __main__:collect_data:170 - Error processing document: 'NoneType' object does not support item assignment
2025-06-17 02:04:44.310 | ERROR    | __main__:collect_data:170 - Error processing document: 'NoneType' object does not support item assignment
2025-06-17 02:04:44.311 | ERROR    | __main__:collect_data:170 - Error processing document: 'NoneType' object does not support item assignment
2025-06-17 02:04:44.312 | ERROR    | __main__:collect_data:170 - Error processing document: 'NoneType' object does not support item assignment
2025-06-17 02:04:44.312 | ERROR    | __main__:collect_data:170 - Error processing document: 'NoneType' object does not support item assignment
2025-06-17 02:04:44.313 | ERROR    | __main__:collect_data:170 - Error processing document: 'NoneType' object does not support item assignment
2025-06-17 02:04:44.313 | ERROR    | __main__:collect_data:170 - Error processing document: 'NoneType' object does not support item assignment
2025-06-17 02:04:44.313 | ERROR    | __main__:collect_data:170 - Error processing document: 'NoneType' object does not support item assignment
2025-06-17 02:04:44.316 | INFO     | collectors.base_collector:save_checkpoint:186 - Saved checkpoint to checkpoints/wikipedia_collector.json
2025-06-17 02:04:44.608 | DEBUG    | collectors.wikipedia_collector:extract_item:212 - Skipping Descent: FreeSpace – Silent Threat - content too short
2025-06-17 02:04:47.689 | ERROR    | __main__:collect_data:170 - Error processing document: 'NoneType' object does not support item assignment
2025-06-17 02:04:47.690 | ERROR    | __main__:collect_data:170 - Error processing document: 'NoneType' object does not support item assignment
2025-06-17 02:04:47.690 | ERROR    | __main__:collect_data:170 - Error processing document: 'NoneType' object does not support item assignment
2025-06-17 02:04:47.692 | ERROR    | __main__:collect_data:170 - Error processing document: 'NoneType' object does not support item assignment
2025-06-17 02:04:47.693 | ERROR    | __main__:collect_data:170 - Error processing document: 'NoneType' object does not support item assignment
2025-06-17 02:04:47.694 | ERROR    | __main__:collect_data:170 - Error processing document: 'NoneType' object does not support item assignment
2025-06-17 02:04:47.696 | ERROR    | __main__:collect_data:170 - Error processing document: 'NoneType' object does not support item assignment
2025-06-17 02:04:47.696 | ERROR    | __main__:collect_data:170 - Error processing document: 'NoneType' object does not support item assignment
2025-06-17 02:04:47.696 | ERROR    | __main__:collect_data:170 - Error processing document: 'NoneType' object does not support item assignment
2025-06-17 02:04:47.696 | ERROR    | __main__:collect_data:170 - Error processing document: 'NoneType' object does not support item assignment
2025-06-17 02:04:47.697 | ERROR    | __main__:collect_data:170 - Error processing document: 'NoneType' object does not support item assignment
2025-06-17 02:04:47.697 | ERROR    | __main__:collect_data:170 - Error processing document: 'NoneType' object does not support item assignment
2025-06-17 02:04:47.698 | ERROR    | __main__:collect_data:170 - Error processing document: 'NoneType' object does not support item assignment
2025-06-17 02:04:47.698 | ERROR    | __main__:collect_data:170 - Error processing document: 'NoneType' object does not support item assignment
2025-06-17 02:04:47.698 | ERROR    | __main__:collect_data:170 - Error processing document: 'NoneType' object does not support item assignment
2025-06-17 02:04:47.699 | ERROR    | __main__:collect_data:170 - Error processing document: 'NoneType' object does not support item assignment
2025-06-17 02:04:47.700 | ERROR    | __main__:collect_data:170 - Error processing document: 'NoneType' object does not support item assignment
2025-06-17 02:04:47.700 | ERROR    | __main__:collect_data:170 - Error processing document: 'NoneType' object does not support item assignment
2025-06-17 02:04:47.701 | ERROR    | __main__:collect_data:170 - Error processing document: 'NoneType' object does not support item assignment
2025-06-17 02:04:47.701 | ERROR    | __main__:collect_data:170 - Error processing document: 'NoneType' object does not support item assignment
2025-06-17 02:04:47.707 | ERROR    | __main__:collect_data:170 - Error processing document: 'NoneType' object does not support item assignment
2025-06-17 02:04:47.711 | ERROR    | __main__:collect_data:170 - Error processing document: 'NoneType' object does not support item assignment
2025-06-17 02:04:47.714 | ERROR    | __main__:collect_data:170 - Error processing document: 'NoneType' object does not support item assignment
2025-06-17 02:04:47.716 | ERROR    | __main__:collect_data:170 - Error processing document: 'NoneType' object does not support item assignment
2025-06-17 02:04:47.719 | ERROR    | __main__:collect_data:170 - Error processing document: 'NoneType' object does not support item assignment
2025-06-17 02:04:47.721 | ERROR    | __main__:collect_data:170 - Error processing document: 'NoneType' object does not support item assignment
2025-06-17 02:04:47.725 | ERROR    | __main__:collect_data:170 - Error processing document: 'NoneType' object does not support item assignment
2025-06-17 02:04:47.728 | ERROR    | __main__:collect_data:170 - Error processing document: 'NoneType' object does not support item assignment
2025-06-17 02:04:47.728 | ERROR    | __main__:collect_data:170 - Error processing document: 'NoneType' object does not support item assignment
2025-06-17 02:04:47.729 | ERROR    | __main__:collect_data:170 - Error processing document: 'NoneType' object does not support item assignment
2025-06-17 02:04:47.729 | ERROR    | __main__:collect_data:170 - Error processing document: 'NoneType' object does not support item assignment
2025-06-17 02:04:47.730 | ERROR    | __main__:collect_data:170 - Error processing document: 'NoneType' object does not support item assignment
2025-06-17 02:04:47.730 | ERROR    | __main__:collect_data:170 - Error processing document: 'NoneType' object does not support item assignment
2025-06-17 02:04:47.731 | ERROR    | __main__:collect_data:170 - Error processing document: 'NoneType' object does not support item assignment
2025-06-17 02:04:47.731 | ERROR    | __main__:collect_data:170 - Error processing document: 'NoneType' object does not support item assignment
2025-06-17 02:04:47.732 | ERROR    | __main__:collect_data:170 - Error processing document: 'NoneType' object does not support item assignment
2025-06-17 02:04:47.732 | ERROR    | __main__:collect_data:170 - Error processing document: 'NoneType' object does not support item assignment
2025-06-17 02:04:47.732 | ERROR    | __main__:collect_data:170 - Error processing document: 'NoneType' object does not support item assignment
2025-06-17 02:04:47.733 | ERROR    | __main__:collect_data:170 - Error processing document: 'NoneType' object does not support item assignment
2025-06-17 02:04:47.733 | ERROR    | __main__:collect_data:170 - Error processing document: 'NoneType' object does not support item assignment
2025-06-17 02:04:47.735 | ERROR    | __main__:collect_data:170 - Error processing document: 'NoneType' object does not support item assignment
2025-06-17 02:04:47.736 | ERROR    | __main__:collect_data:170 - Error processing document: 'NoneType' object does not support item assignment
2025-06-17 02:04:47.738 | ERROR    | __main__:collect_data:170 - Error processing document: 'NoneType' object does not support item assignment
2025-06-17 02:04:47.738 | ERROR    | __main__:collect_data:170 - Error processing document: 'NoneType' object does not support item assignment
2025-06-17 02:04:47.738 | ERROR    | __main__:collect_data:170 - Error processing document: 'NoneType' object does not support item assignment
2025-06-17 02:04:47.741 | ERROR    | __main__:collect_data:170 - Error processing document: 'NoneType' object does not support item assignment
2025-06-17 02:04:47.742 | ERROR    | __main__:collect_data:170 - Error processing document: 'NoneType' object does not support item assignment
2025-06-17 02:04:47.743 | ERROR    | __main__:collect_data:170 - Error processing document: 'NoneType' object does not support item assignment
2025-06-17 02:04:47.745 | ERROR    | __main__:collect_data:170 - Error processing document: 'NoneType' object does not support item assignment
2025-06-17 02:04:47.747 | INFO     | collectors.base_collector:save_checkpoint:186 - Saved checkpoint to checkpoints/wikipedia_collector.json
2025-06-17 02:04:48.511 | DEBUG    | collectors.wikipedia_collector:extract_item:212 - Skipping Devil May Cry HD Collection - content too short
2025-06-17 02:04:49.511 | INFO     | collectors.base_collector:__aexit__:76 - Stopped WikipediaCollector. Collected: 509, Errors: 0
