2025-06-17 02:05:00.297 | INFO     | __main__:main:73 - Starting collection from wikipedia
2025-06-17 02:05:00.297 | INFO     | __main__:main:74 - Output directory: data/raw
2025-06-17 02:05:00.297 | INFO     | __main__:main:75 - Batch size: 1000, Limit: 1
2025-06-17 02:05:00.297 | INFO     | __main__:main:76 - Minimum quality score: 0.2
2025-06-17 02:05:00.297 | INFO     | __main__:main:77 - Debug mode: False
2025-06-17 02:05:00.298 | INFO     | storage.parquet_manager:__init__:44 - Initialized ParquetManager at data/raw
2025-06-17 02:05:00.567 | INFO     | processors.quality_scorer:__init__:43 - spaCy model loaded successfully
2025-06-17 02:05:00.571 | INFO     | collectors.base_collector:__aenter__:69 - Started WikipediaCollector
2025-06-17 02:05:00.583 | INFO     | collectors.base_collector:load_checkpoint:195 - Loaded checkpoint from 2025-06-17T02:04:47.746077
2025-06-17 02:05:00.584 | INFO     | collectors.wikipedia_collector:extract:74 - Resuming from checkpoint with 2727 processed pages
2025-06-17 02:05:00.584 | INFO     | collectors.wikipedia_collector:extract:78 - Processing category: Category:Video_games_by_year
2025-06-17 02:05:00.889 | INFO     | collectors.wikipedia_collector:extract:83 - Found 0 total pages in Category:Video_games_by_year
2025-06-17 02:05:00.889 | INFO     | collectors.wikipedia_collector:extract:87 - Processing 0 new pages from Category:Video_games_by_year
2025-06-17 02:05:00.889 | INFO     | collectors.wikipedia_collector:extract:78 - Processing category: Category:Windows_games
2025-06-17 02:05:13.713 | INFO     | collectors.wikipedia_collector:extract:83 - Found 9255 total pages in Category:Windows_games
2025-06-17 02:05:13.717 | INFO     | collectors.wikipedia_collector:extract:87 - Processing 9255 new pages from Category:Windows_games
2025-06-17 02:05:14.001 | DEBUG    | collectors.wikipedia_collector:extract_item:212 - Skipping The Addams Family: Mansion Mayhem - content too short
2025-06-17 02:05:14.024 | DEBUG    | collectors.wikipedia_collector:extract_item:212 - Skipping Babe: A Little Pig Goes a Long Way - content too short
2025-06-17 02:05:14.026 | DEBUG    | collectors.wikipedia_collector:extract_item:212 - Skipping Alex Kidd in Miracle World DX - content too short
2025-06-17 02:05:14.031 | DEBUG    | collectors.wikipedia_collector:extract_item:212 - Skipping Anno 1602: By Royal Command - content too short
2025-06-17 02:05:14.034 | DEBUG    | collectors.wikipedia_collector:extract_item:212 - Skipping Anno 1602: New Islands, New Adventures - content too short
2025-06-17 02:05:14.037 | DEBUG    | collectors.wikipedia_collector:extract_item:212 - Skipping Anno 1503: Treasures, Monsters and Pirates - content too short
2025-06-17 02:05:14.038 | DEBUG    | collectors.wikipedia_collector:extract_item:212 - Skipping Anteworld - content too short
2025-06-17 02:05:14.040 | DEBUG    | collectors.wikipedia_collector:extract_item:212 - Skipping After Dark Games - content too short
2025-06-17 02:05:14.041 | DEBUG    | collectors.wikipedia_collector:extract_item:212 - Skipping Anno 1404: Venice - content too short
2025-06-17 02:05:14.060 | DEBUG    | collectors.wikipedia_collector:extract_item:212 - Skipping Anno 1701: The Sunken Dragon - content too short
2025-06-17 02:05:14.319 | DEBUG    | collectors.wikipedia_collector:extract_item:212 - Skipping Barbie as the Princess and the Pauper (video game) - content too short
2025-06-17 02:05:14.320 | DEBUG    | collectors.wikipedia_collector:extract_item:212 - Skipping Blade Runner: Enhanced Edition - content too short
2025-06-17 02:05:14.321 | DEBUG    | collectors.wikipedia_collector:extract_item:212 - Skipping Cabela's GrandSlam Hunting: North American 29 - content too short
2025-06-17 02:05:14.321 | DEBUG    | collectors.wikipedia_collector:extract_item:212 - Skipping Big Money! - content too short
2025-06-17 02:05:14.322 | DEBUG    | collectors.wikipedia_collector:extract_item:212 - Skipping Bloons Monkey City - content too short
2025-06-17 02:05:14.329 | DEBUG    | collectors.wikipedia_collector:extract_item:212 - Skipping Blue Sphere - content too short
2025-06-17 02:05:14.330 | DEBUG    | collectors.wikipedia_collector:extract_item:212 - Skipping Castlevania Anniversary Collection - content too short
2025-06-17 02:05:14.330 | DEBUG    | collectors.wikipedia_collector:extract_item:212 - Skipping Blood: Fresh Supply - content too short
2025-06-17 02:05:14.331 | DEBUG    | collectors.wikipedia_collector:extract_item:212 - Skipping Castlevania Advance Collection - content too short
2025-06-17 02:05:14.530 | DEBUG    | collectors.wikipedia_collector:extract_item:212 - Skipping Baten Kaitos I & II HD Remaster - content too short
2025-06-17 02:05:14.784 | DEBUG    | collectors.wikipedia_collector:extract_item:212 - Skipping Collection of SaGa: Final Fantasy Legend - content too short
2025-06-17 02:05:14.790 | DEBUG    | collectors.wikipedia_collector:extract_item:212 - Skipping Dead or Alive 5 Last Round: Core Fighters - content too short
2025-06-17 02:05:14.792 | DEBUG    | collectors.wikipedia_collector:extract_item:212 - Skipping Clock Tower: Rewind - content too short
2025-06-17 02:05:14.796 | DEBUG    | collectors.wikipedia_collector:extract_item:212 - Skipping Dark Horizons Lore: Invasion - content too short
2025-06-17 02:05:14.799 | DEBUG    | collectors.wikipedia_collector:extract_item:212 - Skipping Descent: FreeSpace – Silent Threat - content too short
2025-06-17 02:05:14.800 | DEBUG    | collectors.wikipedia_collector:extract_item:212 - Skipping Code of Princess EX - content too short
2025-06-17 02:05:14.800 | DEBUG    | collectors.wikipedia_collector:extract_item:212 - Skipping Creatures of Aether - content too short
2025-06-17 02:05:14.808 | DEBUG    | collectors.wikipedia_collector:extract_item:212 - Skipping Clock Tower Rewind - content too short
2025-06-17 02:05:14.815 | DEBUG    | collectors.wikipedia_collector:extract_item:212 - Skipping Dead or Alive 6: Core Fighters - content too short
2025-06-17 02:05:15.266 | DEBUG    | collectors.wikipedia_collector:extract_item:212 - Skipping Devil May Cry HD Collection - content too short
2025-06-17 02:05:15.927 | ERROR    | __main__:collect_data:170 - Error processing document: 'NoneType' object does not support item assignment
2025-06-17 02:05:15.927 | ERROR    | __main__:collect_data:170 - Error processing document: 'NoneType' object does not support item assignment
2025-06-17 02:05:15.928 | ERROR    | __main__:collect_data:170 - Error processing document: 'NoneType' object does not support item assignment
2025-06-17 02:05:15.928 | ERROR    | __main__:collect_data:170 - Error processing document: 'NoneType' object does not support item assignment
2025-06-17 02:05:15.930 | ERROR    | __main__:collect_data:170 - Error processing document: 'NoneType' object does not support item assignment
2025-06-17 02:05:15.932 | ERROR    | __main__:collect_data:170 - Error processing document: 'NoneType' object does not support item assignment
2025-06-17 02:05:15.933 | ERROR    | __main__:collect_data:170 - Error processing document: 'NoneType' object does not support item assignment
2025-06-17 02:05:15.935 | ERROR    | __main__:collect_data:170 - Error processing document: 'NoneType' object does not support item assignment
2025-06-17 02:05:15.936 | ERROR    | __main__:collect_data:170 - Error processing document: 'NoneType' object does not support item assignment
2025-06-17 02:05:15.939 | ERROR    | __main__:collect_data:170 - Error processing document: 'NoneType' object does not support item assignment
2025-06-17 02:05:15.940 | ERROR    | __main__:collect_data:170 - Error processing document: 'NoneType' object does not support item assignment
2025-06-17 02:05:15.940 | ERROR    | __main__:collect_data:170 - Error processing document: 'NoneType' object does not support item assignment
2025-06-17 02:05:15.941 | ERROR    | __main__:collect_data:170 - Error processing document: 'NoneType' object does not support item assignment
2025-06-17 02:05:15.941 | ERROR    | __main__:collect_data:170 - Error processing document: 'NoneType' object does not support item assignment
2025-06-17 02:05:15.941 | ERROR    | __main__:collect_data:170 - Error processing document: 'NoneType' object does not support item assignment
2025-06-17 02:05:15.941 | ERROR    | __main__:collect_data:170 - Error processing document: 'NoneType' object does not support item assignment
2025-06-17 02:05:15.942 | ERROR    | __main__:collect_data:170 - Error processing document: 'NoneType' object does not support item assignment
2025-06-17 02:05:15.942 | ERROR    | __main__:collect_data:170 - Error processing document: 'NoneType' object does not support item assignment
2025-06-17 02:05:15.942 | ERROR    | __main__:collect_data:170 - Error processing document: 'NoneType' object does not support item assignment
2025-06-17 02:05:15.944 | ERROR    | __main__:collect_data:170 - Error processing document: 'NoneType' object does not support item assignment
2025-06-17 02:05:15.947 | INFO     | collectors.base_collector:save_checkpoint:186 - Saved checkpoint to checkpoints/wikipedia_collector.json
2025-06-17 02:05:17.369 | DEBUG    | collectors.wikipedia_collector:extract_item:212 - Skipping Digimon Jintrix - content too short
2025-06-17 02:05:17.663 | DEBUG    | collectors.wikipedia_collector:extract_item:212 - Skipping Digimon Super Rumble - content too short
2025-06-17 02:05:18.202 | ERROR    | __main__:collect_data:170 - Error processing document: 'NoneType' object does not support item assignment
2025-06-17 02:05:18.202 | ERROR    | __main__:collect_data:170 - Error processing document: 'NoneType' object does not support item assignment
2025-06-17 02:05:18.203 | ERROR    | __main__:collect_data:170 - Error processing document: 'NoneType' object does not support item assignment
2025-06-17 02:05:18.205 | ERROR    | __main__:collect_data:170 - Error processing document: 'NoneType' object does not support item assignment
2025-06-17 02:05:18.205 | ERROR    | __main__:collect_data:170 - Error processing document: 'NoneType' object does not support item assignment
2025-06-17 02:05:18.205 | ERROR    | __main__:collect_data:170 - Error processing document: 'NoneType' object does not support item assignment
2025-06-17 02:05:18.208 | ERROR    | __main__:collect_data:170 - Error processing document: 'NoneType' object does not support item assignment
2025-06-17 02:05:18.209 | ERROR    | __main__:collect_data:170 - Error processing document: 'NoneType' object does not support item assignment
2025-06-17 02:05:18.210 | ERROR    | __main__:collect_data:170 - Error processing document: 'NoneType' object does not support item assignment
2025-06-17 02:05:18.210 | ERROR    | __main__:collect_data:170 - Error processing document: 'NoneType' object does not support item assignment
2025-06-17 02:05:18.210 | ERROR    | __main__:collect_data:170 - Error processing document: 'NoneType' object does not support item assignment
2025-06-17 02:05:18.211 | ERROR    | __main__:collect_data:170 - Error processing document: 'NoneType' object does not support item assignment
2025-06-17 02:05:18.211 | ERROR    | __main__:collect_data:170 - Error processing document: 'NoneType' object does not support item assignment
2025-06-17 02:05:18.211 | ERROR    | __main__:collect_data:170 - Error processing document: 'NoneType' object does not support item assignment
2025-06-17 02:05:18.211 | ERROR    | __main__:collect_data:170 - Error processing document: 'NoneType' object does not support item assignment
2025-06-17 02:05:18.211 | ERROR    | __main__:collect_data:170 - Error processing document: 'NoneType' object does not support item assignment
2025-06-17 02:05:18.212 | ERROR    | __main__:collect_data:170 - Error processing document: 'NoneType' object does not support item assignment
2025-06-17 02:05:18.212 | ERROR    | __main__:collect_data:170 - Error processing document: 'NoneType' object does not support item assignment
2025-06-17 02:05:18.212 | ERROR    | __main__:collect_data:170 - Error processing document: 'NoneType' object does not support item assignment
2025-06-17 02:05:18.213 | ERROR    | __main__:collect_data:170 - Error processing document: 'NoneType' object does not support item assignment
2025-06-17 02:05:18.213 | ERROR    | __main__:collect_data:170 - Error processing document: 'NoneType' object does not support item assignment
2025-06-17 02:05:18.213 | ERROR    | __main__:collect_data:170 - Error processing document: 'NoneType' object does not support item assignment
2025-06-17 02:05:18.213 | ERROR    | __main__:collect_data:170 - Error processing document: 'NoneType' object does not support item assignment
2025-06-17 02:05:18.213 | ERROR    | __main__:collect_data:170 - Error processing document: 'NoneType' object does not support item assignment
2025-06-17 02:05:18.214 | ERROR    | __main__:collect_data:170 - Error processing document: 'NoneType' object does not support item assignment
2025-06-17 02:05:18.214 | ERROR    | __main__:collect_data:170 - Error processing document: 'NoneType' object does not support item assignment
2025-06-17 02:05:18.214 | ERROR    | __main__:collect_data:170 - Error processing document: 'NoneType' object does not support item assignment
2025-06-17 02:05:18.214 | ERROR    | __main__:collect_data:170 - Error processing document: 'NoneType' object does not support item assignment
2025-06-17 02:05:18.214 | ERROR    | __main__:collect_data:170 - Error processing document: 'NoneType' object does not support item assignment
2025-06-17 02:05:18.215 | ERROR    | __main__:collect_data:170 - Error processing document: 'NoneType' object does not support item assignment
2025-06-17 02:05:18.215 | ERROR    | __main__:collect_data:170 - Error processing document: 'NoneType' object does not support item assignment
2025-06-17 02:05:18.216 | ERROR    | __main__:collect_data:170 - Error processing document: 'NoneType' object does not support item assignment
2025-06-17 02:05:18.216 | ERROR    | __main__:collect_data:170 - Error processing document: 'NoneType' object does not support item assignment
2025-06-17 02:05:18.216 | ERROR    | __main__:collect_data:170 - Error processing document: 'NoneType' object does not support item assignment
2025-06-17 02:05:18.217 | ERROR    | __main__:collect_data:170 - Error processing document: 'NoneType' object does not support item assignment
2025-06-17 02:05:18.218 | ERROR    | __main__:collect_data:170 - Error processing document: 'NoneType' object does not support item assignment
2025-06-17 02:05:18.218 | ERROR    | __main__:collect_data:170 - Error processing document: 'NoneType' object does not support item assignment
2025-06-17 02:05:18.219 | ERROR    | __main__:collect_data:170 - Error processing document: 'NoneType' object does not support item assignment
2025-06-17 02:05:18.219 | ERROR    | __main__:collect_data:170 - Error processing document: 'NoneType' object does not support item assignment
2025-06-17 02:05:18.219 | ERROR    | __main__:collect_data:170 - Error processing document: 'NoneType' object does not support item assignment
2025-06-17 02:05:18.219 | ERROR    | __main__:collect_data:170 - Error processing document: 'NoneType' object does not support item assignment
2025-06-17 02:05:18.219 | ERROR    | __main__:collect_data:170 - Error processing document: 'NoneType' object does not support item assignment
2025-06-17 02:05:18.219 | ERROR    | __main__:collect_data:170 - Error processing document: 'NoneType' object does not support item assignment
2025-06-17 02:05:18.220 | ERROR    | __main__:collect_data:170 - Error processing document: 'NoneType' object does not support item assignment
2025-06-17 02:05:18.220 | ERROR    | __main__:collect_data:170 - Error processing document: 'NoneType' object does not support item assignment
2025-06-17 02:05:18.220 | ERROR    | __main__:collect_data:170 - Error processing document: 'NoneType' object does not support item assignment
2025-06-17 02:05:18.221 | ERROR    | __main__:collect_data:170 - Error processing document: 'NoneType' object does not support item assignment
2025-06-17 02:05:18.222 | ERROR    | __main__:collect_data:170 - Error processing document: 'NoneType' object does not support item assignment
2025-06-17 02:05:18.223 | INFO     | collectors.base_collector:save_checkpoint:186 - Saved checkpoint to checkpoints/wikipedia_collector.json
2025-06-17 02:05:20.995 | ERROR    | __main__:collect_data:170 - Error processing document: 'NoneType' object does not support item assignment
2025-06-17 02:05:20.996 | ERROR    | __main__:collect_data:170 - Error processing document: 'NoneType' object does not support item assignment
2025-06-17 02:05:20.996 | ERROR    | __main__:collect_data:170 - Error processing document: 'NoneType' object does not support item assignment
2025-06-17 02:05:20.997 | ERROR    | __main__:collect_data:170 - Error processing document: 'NoneType' object does not support item assignment
2025-06-17 02:05:20.997 | ERROR    | __main__:collect_data:170 - Error processing document: 'NoneType' object does not support item assignment
2025-06-17 02:05:20.998 | ERROR    | __main__:collect_data:170 - Error processing document: 'NoneType' object does not support item assignment
2025-06-17 02:05:20.998 | ERROR    | __main__:collect_data:170 - Error processing document: 'NoneType' object does not support item assignment
2025-06-17 02:05:20.999 | ERROR    | __main__:collect_data:170 - Error processing document: 'NoneType' object does not support item assignment
2025-06-17 02:05:21.001 | ERROR    | __main__:collect_data:170 - Error processing document: 'NoneType' object does not support item assignment
2025-06-17 02:05:21.002 | ERROR    | __main__:collect_data:170 - Error processing document: 'NoneType' object does not support item assignment
2025-06-17 02:05:21.003 | ERROR    | __main__:collect_data:170 - Error processing document: 'NoneType' object does not support item assignment
2025-06-17 02:05:21.004 | ERROR    | __main__:collect_data:170 - Error processing document: 'NoneType' object does not support item assignment
2025-06-17 02:05:21.005 | ERROR    | __main__:collect_data:170 - Error processing document: 'NoneType' object does not support item assignment
2025-06-17 02:05:21.005 | ERROR    | __main__:collect_data:170 - Error processing document: 'NoneType' object does not support item assignment
2025-06-17 02:05:21.005 | ERROR    | __main__:collect_data:170 - Error processing document: 'NoneType' object does not support item assignment
2025-06-17 02:05:21.006 | ERROR    | __main__:collect_data:170 - Error processing document: 'NoneType' object does not support item assignment
2025-06-17 02:05:21.006 | ERROR    | __main__:collect_data:170 - Error processing document: 'NoneType' object does not support item assignment
2025-06-17 02:05:21.007 | ERROR    | __main__:collect_data:170 - Error processing document: 'NoneType' object does not support item assignment
2025-06-17 02:05:21.008 | ERROR    | __main__:collect_data:170 - Error processing document: 'NoneType' object does not support item assignment
2025-06-17 02:05:21.009 | ERROR    | __main__:collect_data:170 - Error processing document: 'NoneType' object does not support item assignment
2025-06-17 02:05:21.009 | ERROR    | __main__:collect_data:170 - Error processing document: 'NoneType' object does not support item assignment
2025-06-17 02:05:21.010 | ERROR    | __main__:collect_data:170 - Error processing document: 'NoneType' object does not support item assignment
2025-06-17 02:05:21.011 | ERROR    | __main__:collect_data:170 - Error processing document: 'NoneType' object does not support item assignment
2025-06-17 02:05:21.011 | ERROR    | __main__:collect_data:170 - Error processing document: 'NoneType' object does not support item assignment
2025-06-17 02:05:21.014 | ERROR    | __main__:collect_data:170 - Error processing document: 'NoneType' object does not support item assignment
2025-06-17 02:05:21.014 | ERROR    | __main__:collect_data:170 - Error processing document: 'NoneType' object does not support item assignment
2025-06-17 02:05:21.014 | ERROR    | __main__:collect_data:170 - Error processing document: 'NoneType' object does not support item assignment
2025-06-17 02:05:21.015 | ERROR    | __main__:collect_data:170 - Error processing document: 'NoneType' object does not support item assignment
2025-06-17 02:05:21.015 | ERROR    | __main__:collect_data:170 - Error processing document: 'NoneType' object does not support item assignment
2025-06-17 02:05:21.016 | ERROR    | __main__:collect_data:170 - Error processing document: 'NoneType' object does not support item assignment
2025-06-17 02:05:21.016 | ERROR    | __main__:collect_data:170 - Error processing document: 'NoneType' object does not support item assignment
2025-06-17 02:05:21.017 | ERROR    | __main__:collect_data:170 - Error processing document: 'NoneType' object does not support item assignment
2025-06-17 02:05:21.017 | ERROR    | __main__:collect_data:170 - Error processing document: 'NoneType' object does not support item assignment
2025-06-17 02:05:21.017 | ERROR    | __main__:collect_data:170 - Error processing document: 'NoneType' object does not support item assignment
2025-06-17 02:05:21.018 | ERROR    | __main__:collect_data:170 - Error processing document: 'NoneType' object does not support item assignment
2025-06-17 02:05:21.022 | ERROR    | __main__:collect_data:170 - Error processing document: 'NoneType' object does not support item assignment
2025-06-17 02:05:21.024 | ERROR    | __main__:collect_data:170 - Error processing document: 'NoneType' object does not support item assignment
2025-06-17 02:05:21.024 | ERROR    | __main__:collect_data:170 - Error processing document: 'NoneType' object does not support item assignment
2025-06-17 02:05:21.025 | ERROR    | __main__:collect_data:170 - Error processing document: 'NoneType' object does not support item assignment
2025-06-17 02:05:21.025 | ERROR    | __main__:collect_data:170 - Error processing document: 'NoneType' object does not support item assignment
2025-06-17 02:05:21.025 | ERROR    | __main__:collect_data:170 - Error processing document: 'NoneType' object does not support item assignment
2025-06-17 02:05:21.027 | ERROR    | __main__:collect_data:170 - Error processing document: 'NoneType' object does not support item assignment
2025-06-17 02:05:21.027 | ERROR    | __main__:collect_data:170 - Error processing document: 'NoneType' object does not support item assignment
2025-06-17 02:05:21.027 | ERROR    | __main__:collect_data:170 - Error processing document: 'NoneType' object does not support item assignment
2025-06-17 02:05:21.028 | ERROR    | __main__:collect_data:170 - Error processing document: 'NoneType' object does not support item assignment
2025-06-17 02:05:21.030 | ERROR    | __main__:collect_data:170 - Error processing document: 'NoneType' object does not support item assignment
2025-06-17 02:05:21.030 | ERROR    | __main__:collect_data:170 - Error processing document: 'NoneType' object does not support item assignment
2025-06-17 02:05:21.031 | ERROR    | __main__:collect_data:170 - Error processing document: 'NoneType' object does not support item assignment
2025-06-17 02:05:21.031 | ERROR    | __main__:collect_data:170 - Error processing document: 'NoneType' object does not support item assignment
2025-06-17 02:05:21.031 | ERROR    | __main__:collect_data:170 - Error processing document: 'NoneType' object does not support item assignment
2025-06-17 02:05:21.034 | INFO     | collectors.base_collector:save_checkpoint:186 - Saved checkpoint to checkpoints/wikipedia_collector.json
2025-06-17 02:05:21.946 | DEBUG    | collectors.wikipedia_collector:extract_item:212 - Skipping Disneyland Adventures - content too short
2025-06-17 02:05:23.349 | DEBUG    | collectors.wikipedia_collector:extract_item:212 - Skipping DmC: Devil May Cry Definitive Edition - content too short
2025-06-17 02:05:24.238 | ERROR    | __main__:collect_data:170 - Error processing document: 'NoneType' object does not support item assignment
2025-06-17 02:05:24.239 | ERROR    | __main__:collect_data:170 - Error processing document: 'NoneType' object does not support item assignment
2025-06-17 02:05:24.240 | ERROR    | __main__:collect_data:170 - Error processing document: 'NoneType' object does not support item assignment
2025-06-17 02:05:24.240 | ERROR    | __main__:collect_data:170 - Error processing document: 'NoneType' object does not support item assignment
2025-06-17 02:05:24.243 | ERROR    | __main__:collect_data:170 - Error processing document: 'NoneType' object does not support item assignment
2025-06-17 02:05:24.243 | ERROR    | __main__:collect_data:170 - Error processing document: 'NoneType' object does not support item assignment
2025-06-17 02:05:24.245 | ERROR    | __main__:collect_data:170 - Error processing document: 'NoneType' object does not support item assignment
2025-06-17 02:05:24.246 | ERROR    | __main__:collect_data:170 - Error processing document: 'NoneType' object does not support item assignment
2025-06-17 02:05:24.247 | ERROR    | __main__:collect_data:170 - Error processing document: 'NoneType' object does not support item assignment
2025-06-17 02:05:24.256 | ERROR    | __main__:collect_data:170 - Error processing document: 'NoneType' object does not support item assignment
2025-06-17 02:05:24.257 | ERROR    | __main__:collect_data:170 - Error processing document: 'NoneType' object does not support item assignment
2025-06-17 02:05:24.258 | ERROR    | __main__:collect_data:170 - Error processing document: 'NoneType' object does not support item assignment
2025-06-17 02:05:24.258 | ERROR    | __main__:collect_data:170 - Error processing document: 'NoneType' object does not support item assignment
2025-06-17 02:05:24.259 | ERROR    | __main__:collect_data:170 - Error processing document: 'NoneType' object does not support item assignment
2025-06-17 02:05:24.259 | ERROR    | __main__:collect_data:170 - Error processing document: 'NoneType' object does not support item assignment
2025-06-17 02:05:24.260 | ERROR    | __main__:collect_data:170 - Error processing document: 'NoneType' object does not support item assignment
2025-06-17 02:05:24.260 | ERROR    | __main__:collect_data:170 - Error processing document: 'NoneType' object does not support item assignment
2025-06-17 02:05:24.260 | ERROR    | __main__:collect_data:170 - Error processing document: 'NoneType' object does not support item assignment
2025-06-17 02:05:24.261 | ERROR    | __main__:collect_data:170 - Error processing document: 'NoneType' object does not support item assignment
2025-06-17 02:05:24.261 | ERROR    | __main__:collect_data:170 - Error processing document: 'NoneType' object does not support item assignment
2025-06-17 02:05:24.261 | ERROR    | __main__:collect_data:170 - Error processing document: 'NoneType' object does not support item assignment
2025-06-17 02:05:24.262 | ERROR    | __main__:collect_data:170 - Error processing document: 'NoneType' object does not support item assignment
2025-06-17 02:05:24.262 | ERROR    | __main__:collect_data:170 - Error processing document: 'NoneType' object does not support item assignment
2025-06-17 02:05:24.263 | ERROR    | __main__:collect_data:170 - Error processing document: 'NoneType' object does not support item assignment
2025-06-17 02:05:24.263 | ERROR    | __main__:collect_data:170 - Error processing document: 'NoneType' object does not support item assignment
2025-06-17 02:05:24.264 | ERROR    | __main__:collect_data:170 - Error processing document: 'NoneType' object does not support item assignment
2025-06-17 02:05:24.264 | ERROR    | __main__:collect_data:170 - Error processing document: 'NoneType' object does not support item assignment
2025-06-17 02:05:24.265 | ERROR    | __main__:collect_data:170 - Error processing document: 'NoneType' object does not support item assignment
2025-06-17 02:05:24.266 | ERROR    | __main__:collect_data:170 - Error processing document: 'NoneType' object does not support item assignment
2025-06-17 02:05:24.268 | ERROR    | __main__:collect_data:170 - Error processing document: 'NoneType' object does not support item assignment
2025-06-17 02:05:24.269 | ERROR    | __main__:collect_data:170 - Error processing document: 'NoneType' object does not support item assignment
2025-06-17 02:05:24.269 | ERROR    | __main__:collect_data:170 - Error processing document: 'NoneType' object does not support item assignment
2025-06-17 02:05:24.269 | ERROR    | __main__:collect_data:170 - Error processing document: 'NoneType' object does not support item assignment
2025-06-17 02:05:24.271 | ERROR    | __main__:collect_data:170 - Error processing document: 'NoneType' object does not support item assignment
2025-06-17 02:05:24.271 | ERROR    | __main__:collect_data:170 - Error processing document: 'NoneType' object does not support item assignment
2025-06-17 02:05:24.272 | ERROR    | __main__:collect_data:170 - Error processing document: 'NoneType' object does not support item assignment
2025-06-17 02:05:24.272 | ERROR    | __main__:collect_data:170 - Error processing document: 'NoneType' object does not support item assignment
2025-06-17 02:05:24.273 | ERROR    | __main__:collect_data:170 - Error processing document: 'NoneType' object does not support item assignment
2025-06-17 02:05:24.273 | ERROR    | __main__:collect_data:170 - Error processing document: 'NoneType' object does not support item assignment
2025-06-17 02:05:24.273 | ERROR    | __main__:collect_data:170 - Error processing document: 'NoneType' object does not support item assignment
2025-06-17 02:05:24.275 | ERROR    | __main__:collect_data:170 - Error processing document: 'NoneType' object does not support item assignment
2025-06-17 02:05:24.275 | ERROR    | __main__:collect_data:170 - Error processing document: 'NoneType' object does not support item assignment
2025-06-17 02:05:24.275 | ERROR    | __main__:collect_data:170 - Error processing document: 'NoneType' object does not support item assignment
2025-06-17 02:05:24.276 | ERROR    | __main__:collect_data:170 - Error processing document: 'NoneType' object does not support item assignment
2025-06-17 02:05:24.277 | ERROR    | __main__:collect_data:170 - Error processing document: 'NoneType' object does not support item assignment
2025-06-17 02:05:24.278 | ERROR    | __main__:collect_data:170 - Error processing document: 'NoneType' object does not support item assignment
2025-06-17 02:05:24.278 | ERROR    | __main__:collect_data:170 - Error processing document: 'NoneType' object does not support item assignment
2025-06-17 02:05:24.278 | ERROR    | __main__:collect_data:170 - Error processing document: 'NoneType' object does not support item assignment
2025-06-17 02:05:24.281 | INFO     | collectors.base_collector:save_checkpoint:186 - Saved checkpoint to checkpoints/wikipedia_collector.json
2025-06-17 02:05:24.593 | DEBUG    | collectors.wikipedia_collector:extract_item:212 - Skipping Dokapon Kingdom: Connect - content too short
2025-06-17 02:05:27.498 | ERROR    | __main__:collect_data:170 - Error processing document: 'NoneType' object does not support item assignment
2025-06-17 02:05:27.501 | ERROR    | __main__:collect_data:170 - Error processing document: 'NoneType' object does not support item assignment
2025-06-17 02:05:27.502 | ERROR    | __main__:collect_data:170 - Error processing document: 'NoneType' object does not support item assignment
2025-06-17 02:05:27.502 | ERROR    | __main__:collect_data:170 - Error processing document: 'NoneType' object does not support item assignment
2025-06-17 02:05:27.503 | ERROR    | __main__:collect_data:170 - Error processing document: 'NoneType' object does not support item assignment
2025-06-17 02:05:27.503 | ERROR    | __main__:collect_data:170 - Error processing document: 'NoneType' object does not support item assignment
2025-06-17 02:05:27.503 | ERROR    | __main__:collect_data:170 - Error processing document: 'NoneType' object does not support item assignment
2025-06-17 02:05:27.503 | DEBUG    | __main__:collect_data:167 - Rejected: Doki Doki Literature Club Plus! (score: 0.147, reason: very_low_quality)
2025-06-17 02:05:27.507 | INFO     | collectors.base_collector:__aexit__:76 - Stopped WikipediaCollector. Collected: 430, Errors: 0
